   id  location_id  program_id  ... wait_time website taxonomy_ids
0   1            1         NaN  ...  No wait.     NaN          NaN
1   2            2         NaN  ...   Varies.     NaN          NaN
2   3            3         NaN  ...   Varies.     NaN          NaN
3   4            4         NaN  ...  No wait.     NaN          NaN
4   5            5         NaN  ...       NaN     NaN          NaN

[5 rows x 22 columns]
    id  ...                              taxonomy_ids
18  19  ...                                       NaN
19  20  ...                                       NaN
20  21  ...                                       NaN
21  22  ...  105, 108, 108-05, 108-05-01, 111, 111-05
22  23  ...                                       NaN

[5 rows x 22 columns]
<class 'pandas.core.frame.DataFrame'>
Index(['id', 'location_id', 'program_id', 'accepted_payments',
       'alternate_name', 'application_process', 'audience', 'description',
       'eligibility', 'email', 'fees', 'funding_sources',
       'interpretation_services', 'keywords', 'languages', 'name',
       'required_documents', 'service_areas', 'status', 'wait_time', 'website',
       'taxonomy_ids'],
      dtype='object')
<class 'pandas.core.series.Series'>
0       active
1       active
2       active
3       active
4       active
5       active
6       active
7       active
8       active
9       active
10      active
11      active
12      active
13      active
14      active
15      active
16      active
17      active
18      active
19     defunct
20    inactive
21      active
22      active
Name: status, dtype: object
['active', 'active', 'active', 'active', 'active', 'active', 'active', 'active', 'active', 'active', 'active', 'active', 'active', 'active', 'active', 'active', 'active', 'active', 'active', 'defunct', 'inactive', 'active', 'active']
      status                  email
0     active                    NaN
1     active                    NaN
2     active                    NaN
3     active                    NaN
4     active                    NaN
5     active                    NaN
6     active                    NaN
7     active                    NaN
8     active                    NaN
9     active                    NaN
10    active                    NaN
11    active                    NaN
12    active                    NaN
13    active                    NaN
14    active                    NaN
15    active                    NaN
16    active                    NaN
17    active                    NaN
18    active                    NaN
19   defunct                    NaN
20  inactive                    NaN
21    active  passports@example.org
22    active                    NaN
id                           int64
location_id                  int64
program_id                 float64
accepted_payments           object
alternate_name              object
application_process         object
audience                    object
description                 object
eligibility                 object
email                       object
fees                        object
funding_sources             object
interpretation_services     object
keywords                    object
languages                   object
name                        object
required_documents          object
service_areas               object
status                      object
wait_time                   object
website                     object
taxonomy_ids                object
dtype: object
<class 'pandas.core.frame.DataFrame'>
Index(['Unnamed: 0', 'Unnamed: 1', 'Unnamed: 2', 'Unnamed: 3', 'Unnamed: 4',
       'Unnamed: 5', 'Unnamed: 6', 'Unnamed: 7', 'Unnamed: 8', 'Unnamed: 9'],
      dtype='object')
    Unnamed: 0  Unnamed: 6
0          NaN         NaN
1          NaN         NaN
2          NaN         NaN
3          NaN         NaN
4          NaN         NaN
5          NaN         NaN
6          NaN         NaN
7          NaN         NaN
8          NaN         NaN
9          NaN         NaN
10         NaN         NaN
11         NaN         NaN
12         NaN         NaN
13         NaN         NaN
14         NaN         NaN
15         NaN         NaN
16         NaN         NaN
17         NaN         NaN
18         NaN         NaN
19         NaN         NaN
20         NaN         NaN
21         NaN         NaN
22         NaN         NaN
23         NaN         NaN
24         NaN         NaN
25         NaN         NaN
26         NaN         NaN
27         NaN         NaN
   PassengerId  Survived  Pclass  ...     Fare Cabin  Embarked
0            1         0       3  ...   7.2500   NaN         S
1            2         1       1  ...  71.2833   C85         C

[2 rows x 12 columns]
Index(['PassengerId', 'Survived', 'Pclass', 'Name', 'Sex', 'Age', 'SibSp',
       'Parch', 'Ticket', 'Fare', 'Cabin', 'Embarked'],
      dtype='object')
0      0
1      1
2      1
3      1
4      0
      ..
886    0
887    1
888    0
889    1
890    0
Name: Survived, Length: 891, dtype: int64
number of tables : 1
  Rk         Player Pos Age   Tm   G  GS  ...  TRB  AST STL BLK  TOV   PF   PTS
0  1     Quincy Acy  PF  24  NYK  68  22  ...  301   68  27  22   60  147   398
1  2   Jordan Adams  SG  20  MEM  30   0  ...   28   16  16   7   14   24    94
2  3   Steven Adams   C  21  OKC  70  67  ...  523   66  38  86   99  222   537
3  4    Jeff Adrien  PF  28  MIN  17   0  ...   77   15   4   9    9   30    60
4  5  Arron Afflalo  SG  29  TOT  78  72  ...  247  129  41   7  116  167  1035

[5 rows x 30 columns]
      Rk          Player Pos Age   Tm   G  ...  AST  STL BLK  TOV   PF   PTS
670  490  Thaddeus Young  PF  26  TOT  76  ...  173  124  25  117  171  1071
671  490  Thaddeus Young  PF  26  MIN  48  ...  135   86  17   75  115   685
672  490  Thaddeus Young  PF  26  BRK  28  ...   38   38   8   42   56   386
673  491     Cody Zeller   C  22  CHO  62  ...  100   34  49   62  156   472
674  492    Tyler Zeller   C  25  BOS  82  ...  113   18  52   76  205   833

[5 rows x 30 columns]
<class 'pandas.core.frame.DataFrame'>
Index(['Rk', 'Player', 'Pos', 'Age', 'Tm', 'G', 'GS', 'MP', 'FG', 'FGA', 'FG%',
       '3P', '3PA', '3P%', '2P', '2PA', '2P%', 'eFG%', 'FT', 'FTA', 'FT%',
       'ORB', 'DRB', 'TRB', 'AST', 'STL', 'BLK', 'TOV', 'PF', 'PTS'],
      dtype='object')
<class 'pandas.core.series.Series'>
0        1
1        2
2        3
3        4
4        5
      ... 
670    490
671    490
672    490
673    491
674    492
Name: Rk, Length: 675, dtype: object
